{"/home/fieldcontrol/development/clean-code-and-architecture-t8/aula02/parte02-projeto-01/src/v1/validate.ts": {"path":"/home/fieldcontrol/development/clean-code-and-architecture-t8/aula02/parte02-projeto-01/src/v1/validate.ts","statementMap":{"0":{"start":{"line":2,"column":22},"end":{"line":2,"column":25}},"1":{"start":{"line":3,"column":2},"end":{"line":3,"column":61}},"2":{"start":{"line":3,"column":40},"end":{"line":3,"column":59}},"3":{"start":{"line":7,"column":2},"end":{"line":7,"column":32}},"4":{"start":{"line":11,"column":2},"end":{"line":11,"column":27}},"5":{"start":{"line":15,"column":2},"end":{"line":15,"column":22}},"6":{"start":{"line":19,"column":14},"end":{"line":19,"column":15}},"7":{"start":{"line":20,"column":2},"end":{"line":22,"column":null}},"8":{"start":{"line":21,"column":4},"end":{"line":21,"column":54}},"9":{"start":{"line":21,"column":20},"end":{"line":21,"column":54}},"10":{"start":{"line":23,"column":15},"end":{"line":23,"column":25}},"11":{"start":{"line":24,"column":2},"end":{"line":24,"column":34}},"12":{"start":{"line":28,"column":2},"end":{"line":28,"column":25}},"13":{"start":{"line":28,"column":12},"end":{"line":28,"column":25}},"14":{"start":{"line":29,"column":2},"end":{"line":29,"column":22}},"15":{"start":{"line":30,"column":2},"end":{"line":30,"column":40}},"16":{"start":{"line":30,"column":27},"end":{"line":30,"column":40}},"17":{"start":{"line":31,"column":2},"end":{"line":31,"column":43}},"18":{"start":{"line":31,"column":30},"end":{"line":31,"column":43}},"19":{"start":{"line":32,"column":17},"end":{"line":32,"column":40}},"20":{"start":{"line":33,"column":17},"end":{"line":33,"column":40}},"21":{"start":{"line":34,"column":19},"end":{"line":34,"column":36}},"22":{"start":{"line":35,"column":26},"end":{"line":35,"column":46}},"23":{"start":{"line":36,"column":2},"end":{"line":36,"column":39}},"24":{"start":{"line":27,"column":0},"end":{"line":27,"column":16}}},"fnMap":{"0":{"name":"hasAllDigitsEqual","decl":{"start":{"line":1,"column":9},"end":{"line":1,"column":26}},"loc":{"start":{"line":1,"column":38},"end":{"line":4,"column":1}}},"1":{"name":"(anonymous_1)","decl":{"start":{"line":3,"column":29},"end":{"line":3,"column":30}},"loc":{"start":{"line":3,"column":40},"end":{"line":3,"column":59}}},"2":{"name":"cleanCpf","decl":{"start":{"line":6,"column":9},"end":{"line":6,"column":17}},"loc":{"start":{"line":6,"column":29},"end":{"line":8,"column":1}}},"3":{"name":"isValidLength","decl":{"start":{"line":10,"column":9},"end":{"line":10,"column":22}},"loc":{"start":{"line":10,"column":34},"end":{"line":12,"column":1}}},"4":{"name":"extractDigit","decl":{"start":{"line":14,"column":9},"end":{"line":14,"column":21}},"loc":{"start":{"line":14,"column":33},"end":{"line":16,"column":1}}},"5":{"name":"calculateDigit","decl":{"start":{"line":18,"column":9},"end":{"line":18,"column":23}},"loc":{"start":{"line":18,"column":51},"end":{"line":25,"column":1}}},"6":{"name":"validate","decl":{"start":{"line":27,"column":16},"end":{"line":27,"column":24}},"loc":{"start":{"line":27,"column":36},"end":{"line":37,"column":1}}}},"branchMap":{"0":{"loc":{"start":{"line":21,"column":4},"end":{"line":21,"column":54}},"type":"if","locations":[{"start":{"line":21,"column":4},"end":{"line":21,"column":54}}]},"1":{"loc":{"start":{"line":24,"column":9},"end":{"line":24,"column":33}},"type":"cond-expr","locations":[{"start":{"line":24,"column":20},"end":{"line":24,"column":21}},{"start":{"line":24,"column":24},"end":{"line":24,"column":33}}]},"2":{"loc":{"start":{"line":28,"column":2},"end":{"line":28,"column":25}},"type":"if","locations":[{"start":{"line":28,"column":2},"end":{"line":28,"column":25}}]},"3":{"loc":{"start":{"line":30,"column":2},"end":{"line":30,"column":40}},"type":"if","locations":[{"start":{"line":30,"column":2},"end":{"line":30,"column":40}}]},"4":{"loc":{"start":{"line":31,"column":2},"end":{"line":31,"column":43}},"type":"if","locations":[{"start":{"line":31,"column":2},"end":{"line":31,"column":43}}]}},"s":{"0":4,"1":4,"2":19,"3":7,"4":7,"5":3,"6":6,"7":6,"8":66,"9":57,"10":6,"11":6,"12":7,"13":0,"14":7,"15":7,"16":3,"17":4,"18":1,"19":3,"20":3,"21":3,"22":3,"23":3,"24":1},"f":{"0":4,"1":19,"2":7,"3":7,"4":3,"5":6,"6":7},"b":{"0":[57],"1":[1,5],"2":[0],"3":[3],"4":[1]}}
}
