TN:
SF:src/v1/validate.ts
FN:1,hasAllDigitsEqual
FN:3,(anonymous_1)
FN:6,cleanCpf
FN:10,isValidLength
FN:14,extractDigit
FN:18,calculateDigit
FN:27,validate
FNF:7
FNH:7
FNDA:4,hasAllDigitsEqual
FNDA:19,(anonymous_1)
FNDA:7,cleanCpf
FNDA:7,isValidLength
FNDA:3,extractDigit
FNDA:6,calculateDigit
FNDA:7,validate
DA:2,4
DA:3,19
DA:7,7
DA:11,7
DA:15,3
DA:19,6
DA:20,6
DA:21,66
DA:23,6
DA:24,6
DA:27,1
DA:28,7
DA:29,7
DA:30,7
DA:31,4
DA:32,3
DA:33,3
DA:34,3
DA:35,3
DA:36,3
LF:20
LH:20
BRDA:21,0,0,57
BRDA:24,1,0,1
BRDA:24,1,1,5
BRDA:28,2,0,0
BRDA:30,3,0,3
BRDA:31,4,0,1
BRF:6
BRH:5
end_of_record
