<?xml version="1.0" encoding="UTF-8"?>
<coverage generated="1668647593024" clover="3.2.0">
  <project timestamp="1668647593024" name="All files">
    <metrics statements="39" coveredstatements="39" conditionals="8" coveredconditionals="7" methods="17" coveredmethods="17" elements="64" coveredelements="63" complexity="0" loc="39" ncloc="39" packages="1" files="4" classes="4"/>
    <file name="Coupon.ts" path="/home/fieldcontrol/development/clean-code-and-architecture-t8/aula02/parte02-projeto-01/src/Coupon.ts">
      <metrics statements="3" coveredstatements="3" conditionals="0" coveredconditionals="0" methods="2" coveredmethods="2"/>
      <line num="1" count="1" type="stmt"/>
      <line num="2" count="1" type="stmt"/>
      <line num="5" count="1" type="stmt"/>
    </file>
    <file name="Cpf.ts" path="/home/fieldcontrol/development/clean-code-and-architecture-t8/aula02/parte02-projeto-01/src/Cpf.ts">
      <metrics statements="22" coveredstatements="22" conditionals="7" coveredconditionals="6" methods="8" coveredmethods="8"/>
      <line num="1" count="2" type="stmt"/>
      <line num="2" count="10" type="stmt"/>
      <line num="3" count="10" type="cond" truecount="1" falsecount="0"/>
      <line num="7" count="10" type="cond" truecount="0" falsecount="1"/>
      <line num="8" count="10" type="stmt"/>
      <line num="9" count="10" type="cond" truecount="1" falsecount="0"/>
      <line num="10" count="7" type="cond" truecount="1" falsecount="0"/>
      <line num="11" count="5" type="stmt"/>
      <line num="12" count="5" type="stmt"/>
      <line num="13" count="5" type="stmt"/>
      <line num="14" count="5" type="stmt"/>
      <line num="15" count="5" type="stmt"/>
      <line num="19" count="10" type="stmt"/>
      <line num="23" count="10" type="stmt"/>
      <line num="27" count="10" type="stmt"/>
      <line num="28" count="10" type="stmt"/>
      <line num="29" count="110" type="cond" truecount="1" falsecount="0"/>
      <line num="31" count="10" type="stmt"/>
      <line num="32" count="10" type="cond" truecount="2" falsecount="0"/>
      <line num="36" count="7" type="stmt"/>
      <line num="37" count="34" type="stmt"/>
      <line num="41" count="5" type="stmt"/>
    </file>
    <file name="Order.ts" path="/home/fieldcontrol/development/clean-code-and-architecture-t8/aula02/parte02-projeto-01/src/Order.ts">
      <metrics statements="11" coveredstatements="11" conditionals="1" coveredconditionals="1" methods="5" coveredmethods="5"/>
      <line num="2" count="1" type="stmt"/>
      <line num="3" count="1" type="stmt"/>
      <line num="5" count="1" type="stmt"/>
      <line num="10" count="3" type="stmt"/>
      <line num="11" count="2" type="stmt"/>
      <line num="15" count="6" type="stmt"/>
      <line num="19" count="1" type="stmt"/>
      <line num="23" count="6" type="stmt"/>
      <line num="24" count="2" type="cond" truecount="1" falsecount="0"/>
      <line num="25" count="1" type="stmt"/>
      <line num="27" count="2" type="stmt"/>
    </file>
    <file name="OrderItem.ts" path="/home/fieldcontrol/development/clean-code-and-architecture-t8/aula02/parte02-projeto-01/src/OrderItem.ts">
      <metrics statements="3" coveredstatements="3" conditionals="0" coveredconditionals="0" methods="2" coveredmethods="2"/>
      <line num="1" count="1" type="stmt"/>
      <line num="2" count="6" type="stmt"/>
      <line num="5" count="6" type="stmt"/>
    </file>
  </project>
</coverage>
