{"/home/fieldcontrol/development/clean-code-and-architecture-t8/aula02/parte02-projeto-01/src/Coupon.ts": {"path":"/home/fieldcontrol/development/clean-code-and-architecture-t8/aula02/parte02-projeto-01/src/Coupon.ts","statementMap":{"0":{"start":{"line":2,"column":23},"end":{"line":2,"column":35}},"1":{"start":{"line":2,"column":46},"end":{"line":2,"column":64}},"2":{"start":{"line":5,"column":4},"end":{"line":5,"column":43}},"3":{"start":{"line":1,"column":0},"end":{"line":1,"column":21}}},"fnMap":{"0":{"name":"(anonymous_0)","decl":{"start":{"line":2,"column":2},"end":{"line":2,"column":23}},"loc":{"start":{"line":2,"column":64},"end":{"line":2,"column":68}}},"1":{"name":"(anonymous_1)","decl":{"start":{"line":4,"column":2},"end":{"line":4,"column":13}},"loc":{"start":{"line":4,"column":27},"end":{"line":6,"column":3}}}},"branchMap":{},"s":{"0":1,"1":1,"2":1,"3":1},"f":{"0":1,"1":1},"b":{}}
,"/home/fieldcontrol/development/clean-code-and-architecture-t8/aula02/parte02-projeto-01/src/Cpf.ts": {"path":"/home/fieldcontrol/development/clean-code-and-architecture-t8/aula02/parte02-projeto-01/src/Cpf.ts","statementMap":{"0":{"start":{"line":2,"column":23},"end":{"line":2,"column":36}},"1":{"start":{"line":3,"column":4},"end":{"line":3,"column":68}},"2":{"start":{"line":3,"column":36},"end":{"line":3,"column":68}},"3":{"start":{"line":7,"column":4},"end":{"line":7,"column":27}},"4":{"start":{"line":7,"column":14},"end":{"line":7,"column":27}},"5":{"start":{"line":8,"column":4},"end":{"line":8,"column":29}},"6":{"start":{"line":9,"column":4},"end":{"line":9,"column":47}},"7":{"start":{"line":9,"column":34},"end":{"line":9,"column":47}},"8":{"start":{"line":10,"column":4},"end":{"line":10,"column":50}},"9":{"start":{"line":10,"column":37},"end":{"line":10,"column":50}},"10":{"start":{"line":11,"column":19},"end":{"line":11,"column":47}},"11":{"start":{"line":12,"column":19},"end":{"line":12,"column":47}},"12":{"start":{"line":13,"column":21},"end":{"line":13,"column":43}},"13":{"start":{"line":14,"column":28},"end":{"line":14,"column":48}},"14":{"start":{"line":15,"column":4},"end":{"line":15,"column":41}},"15":{"start":{"line":19,"column":4},"end":{"line":19,"column":34}},"16":{"start":{"line":23,"column":4},"end":{"line":23,"column":29}},"17":{"start":{"line":27,"column":16},"end":{"line":27,"column":17}},"18":{"start":{"line":28,"column":4},"end":{"line":30,"column":null}},"19":{"start":{"line":29,"column":6},"end":{"line":29,"column":56}},"20":{"start":{"line":29,"column":22},"end":{"line":29,"column":56}},"21":{"start":{"line":31,"column":17},"end":{"line":31,"column":27}},"22":{"start":{"line":32,"column":4},"end":{"line":32,"column":36}},"23":{"start":{"line":36,"column":24},"end":{"line":36,"column":27}},"24":{"start":{"line":37,"column":4},"end":{"line":37,"column":63}},"25":{"start":{"line":37,"column":42},"end":{"line":37,"column":61}},"26":{"start":{"line":41,"column":4},"end":{"line":41,"column":24}},"27":{"start":{"line":1,"column":0},"end":{"line":1,"column":21}}},"fnMap":{"0":{"name":"(anonymous_0)","decl":{"start":{"line":2,"column":2},"end":{"line":2,"column":23}},"loc":{"start":{"line":2,"column":36},"end":{"line":4,"column":3}}},"1":{"name":"(anonymous_1)","decl":{"start":{"line":6,"column":10},"end":{"line":6,"column":18}},"loc":{"start":{"line":6,"column":30},"end":{"line":16,"column":3}}},"2":{"name":"(anonymous_2)","decl":{"start":{"line":18,"column":10},"end":{"line":18,"column":18}},"loc":{"start":{"line":18,"column":30},"end":{"line":20,"column":3}}},"3":{"name":"(anonymous_3)","decl":{"start":{"line":22,"column":10},"end":{"line":22,"column":23}},"loc":{"start":{"line":22,"column":35},"end":{"line":24,"column":3}}},"4":{"name":"(anonymous_4)","decl":{"start":{"line":26,"column":10},"end":{"line":26,"column":24}},"loc":{"start":{"line":26,"column":52},"end":{"line":33,"column":3}}},"5":{"name":"(anonymous_5)","decl":{"start":{"line":35,"column":10},"end":{"line":35,"column":27}},"loc":{"start":{"line":35,"column":39},"end":{"line":38,"column":3}}},"6":{"name":"(anonymous_6)","decl":{"start":{"line":37,"column":31},"end":{"line":37,"column":32}},"loc":{"start":{"line":37,"column":42},"end":{"line":37,"column":61}}},"7":{"name":"(anonymous_7)","decl":{"start":{"line":40,"column":10},"end":{"line":40,"column":22}},"loc":{"start":{"line":40,"column":34},"end":{"line":42,"column":3}}}},"branchMap":{"0":{"loc":{"start":{"line":3,"column":4},"end":{"line":3,"column":68}},"type":"if","locations":[{"start":{"line":3,"column":4},"end":{"line":3,"column":68}}]},"1":{"loc":{"start":{"line":7,"column":4},"end":{"line":7,"column":27}},"type":"if","locations":[{"start":{"line":7,"column":4},"end":{"line":7,"column":27}}]},"2":{"loc":{"start":{"line":9,"column":4},"end":{"line":9,"column":47}},"type":"if","locations":[{"start":{"line":9,"column":4},"end":{"line":9,"column":47}}]},"3":{"loc":{"start":{"line":10,"column":4},"end":{"line":10,"column":50}},"type":"if","locations":[{"start":{"line":10,"column":4},"end":{"line":10,"column":50}}]},"4":{"loc":{"start":{"line":29,"column":6},"end":{"line":29,"column":56}},"type":"if","locations":[{"start":{"line":29,"column":6},"end":{"line":29,"column":56}}]},"5":{"loc":{"start":{"line":32,"column":11},"end":{"line":32,"column":35}},"type":"cond-expr","locations":[{"start":{"line":32,"column":22},"end":{"line":32,"column":23}},{"start":{"line":32,"column":26},"end":{"line":32,"column":35}}]}},"s":{"0":10,"1":10,"2":7,"3":10,"4":0,"5":10,"6":10,"7":3,"8":7,"9":2,"10":5,"11":5,"12":5,"13":5,"14":5,"15":10,"16":10,"17":10,"18":10,"19":110,"20":95,"21":10,"22":10,"23":7,"24":7,"25":34,"26":5,"27":2},"f":{"0":10,"1":10,"2":10,"3":10,"4":10,"5":7,"6":34,"7":5},"b":{"0":[7],"1":[0],"2":[3],"3":[2],"4":[95],"5":[3,7]}}
,"/home/fieldcontrol/development/clean-code-and-architecture-t8/aula02/parte02-projeto-01/src/Order.ts": {"path":"/home/fieldcontrol/development/clean-code-and-architecture-t8/aula02/parte02-projeto-01/src/Order.ts","statementMap":{"0":{"start":{"line":2,"column":0},"end":{"line":2,"column":24}},"1":{"start":{"line":3,"column":0},"end":{"line":3,"column":36}},"2":{"start":{"line":10,"column":4},"end":{"line":10,"column":28}},"3":{"start":{"line":11,"column":4},"end":{"line":11,"column":25}},"4":{"start":{"line":15,"column":4},"end":{"line":15,"column":65}},"5":{"start":{"line":19,"column":4},"end":{"line":19,"column":25}},"6":{"start":{"line":23,"column":16},"end":{"line":23,"column":92}},"7":{"start":{"line":23,"column":60},"end":{"line":23,"column":87}},"8":{"start":{"line":24,"column":4},"end":{"line":26,"column":null}},"9":{"start":{"line":25,"column":6},"end":{"line":25,"column":46}},"10":{"start":{"line":27,"column":4},"end":{"line":27,"column":17}},"11":{"start":{"line":5,"column":0},"end":{"line":5,"column":21}}},"fnMap":{"0":{"name":"(anonymous_1)","decl":{"start":{"line":9,"column":2},"end":{"line":9,"column":14}},"loc":{"start":{"line":9,"column":25},"end":{"line":12,"column":3}}},"1":{"name":"(anonymous_2)","decl":{"start":{"line":14,"column":2},"end":{"line":14,"column":9}},"loc":{"start":{"line":14,"column":57},"end":{"line":16,"column":3}}},"2":{"name":"(anonymous_3)","decl":{"start":{"line":18,"column":2},"end":{"line":18,"column":11}},"loc":{"start":{"line":18,"column":26},"end":{"line":20,"column":3}}},"3":{"name":"(anonymous_4)","decl":{"start":{"line":22,"column":2},"end":{"line":22,"column":10}},"loc":{"start":{"line":22,"column":10},"end":{"line":28,"column":3}}},"4":{"name":"(anonymous_5)","decl":{"start":{"line":23,"column":39},"end":{"line":23,"column":40}},"loc":{"start":{"line":23,"column":60},"end":{"line":23,"column":87}}}},"branchMap":{"0":{"loc":{"start":{"line":24,"column":4},"end":{"line":26,"column":null}},"type":"if","locations":[{"start":{"line":24,"column":4},"end":{"line":26,"column":null}}]}},"s":{"0":1,"1":1,"2":3,"3":2,"4":6,"5":1,"6":2,"7":6,"8":2,"9":1,"10":2,"11":1},"f":{"0":3,"1":6,"2":1,"3":2,"4":6},"b":{"0":[1]}}
,"/home/fieldcontrol/development/clean-code-and-architecture-t8/aula02/parte02-projeto-01/src/OrderItem.ts": {"path":"/home/fieldcontrol/development/clean-code-and-architecture-t8/aula02/parte02-projeto-01/src/OrderItem.ts","statementMap":{"0":{"start":{"line":2,"column":23},"end":{"line":2,"column":37}},"1":{"start":{"line":2,"column":48},"end":{"line":2,"column":61}},"2":{"start":{"line":2,"column":72},"end":{"line":2,"column":88}},"3":{"start":{"line":5,"column":4},"end":{"line":5,"column":38}},"4":{"start":{"line":1,"column":0},"end":{"line":1,"column":21}}},"fnMap":{"0":{"name":"(anonymous_0)","decl":{"start":{"line":2,"column":2},"end":{"line":2,"column":23}},"loc":{"start":{"line":2,"column":88},"end":{"line":2,"column":92}}},"1":{"name":"(anonymous_1)","decl":{"start":{"line":4,"column":9},"end":{"line":4,"column":17}},"loc":{"start":{"line":4,"column":17},"end":{"line":6,"column":3}}}},"branchMap":{},"s":{"0":6,"1":6,"2":6,"3":6,"4":1},"f":{"0":6,"1":6},"b":{}}
}
