TN:
SF:src/Coupon.ts
FN:2,(anonymous_0)
FN:4,(anonymous_1)
FNF:2
FNH:2
FNDA:1,(anonymous_0)
FNDA:1,(anonymous_1)
DA:1,1
DA:2,1
DA:5,1
LF:3
LH:3
BRF:0
BRH:0
end_of_record
TN:
SF:src/Cpf.ts
FN:2,(anonymous_0)
FN:6,(anonymous_1)
FN:18,(anonymous_2)
FN:22,(anonymous_3)
FN:26,(anonymous_4)
FN:35,(anonymous_5)
FN:37,(anonymous_6)
FN:40,(anonymous_7)
FNF:8
FNH:8
FNDA:10,(anonymous_0)
FNDA:10,(anonymous_1)
FNDA:10,(anonymous_2)
FNDA:10,(anonymous_3)
FNDA:10,(anonymous_4)
FNDA:7,(anonymous_5)
FNDA:34,(anonymous_6)
FNDA:5,(anonymous_7)
DA:1,2
DA:2,10
DA:3,10
DA:7,10
DA:8,10
DA:9,10
DA:10,7
DA:11,5
DA:12,5
DA:13,5
DA:14,5
DA:15,5
DA:19,10
DA:23,10
DA:27,10
DA:28,10
DA:29,110
DA:31,10
DA:32,10
DA:36,7
DA:37,34
DA:41,5
LF:22
LH:22
BRDA:3,0,0,7
BRDA:7,1,0,0
BRDA:9,2,0,3
BRDA:10,3,0,2
BRDA:29,4,0,95
BRDA:32,5,0,3
BRDA:32,5,1,7
BRF:7
BRH:6
end_of_record
TN:
SF:src/Order.ts
FN:9,(anonymous_1)
FN:14,(anonymous_2)
FN:18,(anonymous_3)
FN:22,(anonymous_4)
FN:23,(anonymous_5)
FNF:5
FNH:5
FNDA:3,(anonymous_1)
FNDA:6,(anonymous_2)
FNDA:1,(anonymous_3)
FNDA:2,(anonymous_4)
FNDA:6,(anonymous_5)
DA:2,1
DA:3,1
DA:5,1
DA:10,3
DA:11,2
DA:15,6
DA:19,1
DA:23,6
DA:24,2
DA:25,1
DA:27,2
LF:11
LH:11
BRDA:24,0,0,1
BRF:1
BRH:1
end_of_record
TN:
SF:src/OrderItem.ts
FN:2,(anonymous_0)
FN:4,(anonymous_1)
FNF:2
FNH:2
FNDA:6,(anonymous_0)
FNDA:6,(anonymous_1)
DA:1,1
DA:2,6
DA:5,6
LF:3
LH:3
BRF:0
BRH:0
end_of_record
