<?xml version="1.0" encoding="UTF-8"?>
<coverage generated="1668043192648" clover="3.2.0">
  <project timestamp="1668043192648" name="All files">
    <metrics statements="90" coveredstatements="88" conditionals="74" coveredconditionals="70" methods="22" coveredmethods="22" elements="186" coveredelements="180" complexity="0" loc="90" ncloc="90" packages="3" files="8" classes="8"/>
    <package name="v1">
      <metrics statements="17" coveredstatements="17" conditionals="22" coveredconditionals="22" methods="1" coveredmethods="1"/>
      <file name="calc.ts" path="/home/fieldcontrol/development/clean-code-and-architecture-t8/aula01/code-smell-and-refactoring/src/v1/calc.ts">
        <metrics statements="17" coveredstatements="17" conditionals="22" coveredconditionals="22" methods="1" coveredmethods="1"/>
        <line num="3" count="1" type="stmt"/>
        <line num="4" count="7" type="stmt"/>
        <line num="5" count="7" type="stmt"/>
        <line num="6" count="7" type="cond" truecount="6" falsecount="0"/>
        <line num="7" count="6" type="cond" truecount="6" falsecount="0"/>
        <line num="11" count="5" type="cond" truecount="4" falsecount="0"/>
        <line num="14" count="2" type="cond" truecount="2" falsecount="0"/>
        <line num="16" count="1" type="stmt"/>
        <line num="19" count="1" type="stmt"/>
        <line num="24" count="3" type="cond" truecount="2" falsecount="0"/>
        <line num="26" count="1" type="stmt"/>
        <line num="29" count="2" type="stmt"/>
        <line num="34" count="1" type="stmt"/>
        <line num="39" count="1" type="stmt"/>
        <line num="43" count="5" type="cond" truecount="2" falsecount="0"/>
        <line num="44" count="1" type="stmt"/>
        <line num="46" count="4" type="stmt"/>
      </file>
    </package>
    <package name="v2">
      <metrics statements="25" coveredstatements="25" conditionals="24" coveredconditionals="24" methods="5" coveredmethods="5"/>
      <file name="calculateRide.ts" path="/home/fieldcontrol/development/clean-code-and-architecture-t8/aula01/code-smell-and-refactoring/src/v2/calculateRide.ts">
        <metrics statements="25" coveredstatements="25" conditionals="24" coveredconditionals="24" methods="5" coveredmethods="5"/>
        <line num="1" count="1" type="stmt"/>
        <line num="2" count="1" type="stmt"/>
        <line num="3" count="1" type="stmt"/>
        <line num="4" count="1" type="stmt"/>
        <line num="5" count="1" type="stmt"/>
        <line num="6" count="1" type="stmt"/>
        <line num="7" count="1" type="stmt"/>
        <line num="10" count="20" type="cond" truecount="2" falsecount="0"/>
        <line num="14" count="10" type="stmt"/>
        <line num="18" count="7" type="cond" truecount="3" falsecount="0"/>
        <line num="22" count="6" type="cond" truecount="3" falsecount="0"/>
        <line num="25" count="1" type="stmt"/>
        <line num="26" count="7" type="stmt"/>
        <line num="27" count="7" type="stmt"/>
        <line num="28" count="7" type="cond" truecount="1" falsecount="0"/>
        <line num="30" count="6" type="cond" truecount="1" falsecount="0"/>
        <line num="32" count="5" type="cond" truecount="3" falsecount="0"/>
        <line num="33" count="1" type="stmt"/>
        <line num="35" count="5" type="cond" truecount="3" falsecount="0"/>
        <line num="36" count="1" type="stmt"/>
        <line num="38" count="5" type="cond" truecount="3" falsecount="0"/>
        <line num="39" count="1" type="stmt"/>
        <line num="41" count="5" type="cond" truecount="3" falsecount="0"/>
        <line num="42" count="2" type="stmt"/>
        <line num="46" count="5" type="cond" truecount="2" falsecount="0"/>
      </file>
    </package>
    <package name="v3">
      <metrics statements="48" coveredstatements="46" conditionals="28" coveredconditionals="24" methods="16" coveredmethods="16"/>
      <file name="NormalFareCaculator.ts" path="/home/fieldcontrol/development/clean-code-and-architecture-t8/aula01/code-smell-and-refactoring/src/v3/NormalFareCaculator.ts">
        <metrics statements="7" coveredstatements="5" conditionals="4" coveredconditionals="3" methods="2" coveredmethods="2"/>
        <line num="4" count="1" type="stmt"/>
        <line num="5" count="7" type="stmt"/>
        <line num="9" count="7" type="stmt"/>
        <line num="13" count="2" type="cond" truecount="3" falsecount="0"/>
        <line num="14" count="2" type="stmt"/>
        <line num="16" count="0" type="cond" truecount="0" falsecount="1"/>
        <line num="18" count="0" type="stmt"/>
      </file>
      <file name="OvernightFareCaculator.ts" path="/home/fieldcontrol/development/clean-code-and-architecture-t8/aula01/code-smell-and-refactoring/src/v3/OvernightFareCaculator.ts">
        <metrics statements="7" coveredstatements="7" conditionals="4" coveredconditionals="3" methods="2" coveredmethods="2"/>
        <line num="4" count="1" type="stmt"/>
        <line num="5" count="7" type="stmt"/>
        <line num="9" count="7" type="stmt"/>
        <line num="13" count="3" type="cond" truecount="3" falsecount="0"/>
        <line num="14" count="1" type="stmt"/>
        <line num="16" count="2" type="cond" truecount="0" falsecount="1"/>
        <line num="18" count="2" type="stmt"/>
      </file>
      <file name="OvernightSundayFareCaculator.ts" path="/home/fieldcontrol/development/clean-code-and-architecture-t8/aula01/code-smell-and-refactoring/src/v3/OvernightSundayFareCaculator.ts">
        <metrics statements="7" coveredstatements="7" conditionals="4" coveredconditionals="3" methods="2" coveredmethods="2"/>
        <line num="4" count="1" type="stmt"/>
        <line num="5" count="7" type="stmt"/>
        <line num="9" count="7" type="stmt"/>
        <line num="13" count="5" type="cond" truecount="3" falsecount="0"/>
        <line num="14" count="1" type="stmt"/>
        <line num="16" count="4" type="cond" truecount="0" falsecount="1"/>
        <line num="18" count="4" type="stmt"/>
      </file>
      <file name="Ride.ts" path="/home/fieldcontrol/development/clean-code-and-architecture-t8/aula01/code-smell-and-refactoring/src/v3/Ride.ts">
        <metrics statements="10" coveredstatements="10" conditionals="2" coveredconditionals="2" methods="3" coveredmethods="3"/>
        <line num="2" count="1" type="stmt"/>
        <line num="4" count="1" type="stmt"/>
        <line num="5" count="7" type="stmt"/>
        <line num="9" count="7" type="stmt"/>
        <line num="10" count="7" type="stmt"/>
        <line num="14" count="7" type="stmt"/>
        <line num="18" count="5" type="stmt"/>
        <line num="19" count="5" type="stmt"/>
        <line num="20" count="5" type="stmt"/>
        <line num="23" count="5" type="cond" truecount="2" falsecount="0"/>
      </file>
      <file name="Segment.ts" path="/home/fieldcontrol/development/clean-code-and-architecture-t8/aula01/code-smell-and-refactoring/src/v3/Segment.ts">
        <metrics statements="10" coveredstatements="10" conditionals="10" coveredconditionals="10" methods="5" coveredmethods="5"/>
        <line num="1" count="1" type="stmt"/>
        <line num="2" count="7" type="stmt"/>
        <line num="3" count="7" type="stmt"/>
        <line num="5" count="7" type="stmt"/>
        <line num="6" count="7" type="cond" truecount="1" falsecount="0"/>
        <line num="7" count="6" type="cond" truecount="1" falsecount="0"/>
        <line num="11" count="6" type="cond" truecount="3" falsecount="0"/>
        <line num="15" count="7" type="cond" truecount="3" falsecount="0"/>
        <line num="19" count="14" type="cond" truecount="2" falsecount="0"/>
        <line num="23" count="8" type="stmt"/>
      </file>
      <file name="SundayFareCaculator.ts" path="/home/fieldcontrol/development/clean-code-and-architecture-t8/aula01/code-smell-and-refactoring/src/v3/SundayFareCaculator.ts">
        <metrics statements="7" coveredstatements="7" conditionals="4" coveredconditionals="3" methods="2" coveredmethods="2"/>
        <line num="4" count="1" type="stmt"/>
        <line num="5" count="7" type="stmt"/>
        <line num="9" count="7" type="stmt"/>
        <line num="13" count="4" type="cond" truecount="3" falsecount="0"/>
        <line num="14" count="1" type="stmt"/>
        <line num="16" count="3" type="cond" truecount="0" falsecount="1"/>
        <line num="18" count="3" type="stmt"/>
      </file>
    </package>
  </project>
</coverage>
