{"/home/fieldcontrol/development/clean-code-and-architecture-t8/aula01/code-smell-and-refactoring/src/v1/calc.ts": {"path":"/home/fieldcontrol/development/clean-code-and-architecture-t8/aula01/code-smell-and-refactoring/src/v1/calc.ts","statementMap":{"0":{"start":{"line":4,"column":14},"end":{"line":4,"column":15}},"1":{"start":{"line":5,"column":1},"end":{"line":42,"column":null}},"2":{"start":{"line":6,"column":2},"end":{"line":40,"column":null}},"3":{"start":{"line":7,"column":3},"end":{"line":35,"column":null}},"4":{"start":{"line":11,"column":4},"end":{"line":31,"column":null}},"5":{"start":{"line":14,"column":5},"end":{"line":21,"column":null}},"6":{"start":{"line":16,"column":6},"end":{"line":16,"column":32}},"7":{"start":{"line":19,"column":6},"end":{"line":19,"column":29}},"8":{"start":{"line":24,"column":5},"end":{"line":30,"column":null}},"9":{"start":{"line":26,"column":6},"end":{"line":26,"column":31}},"10":{"start":{"line":29,"column":6},"end":{"line":29,"column":32}},"11":{"start":{"line":34,"column":4},"end":{"line":34,"column":14}},"12":{"start":{"line":39,"column":3},"end":{"line":39,"column":13}},"13":{"start":{"line":43,"column":1},"end":{"line":47,"column":null}},"14":{"start":{"line":44,"column":2},"end":{"line":44,"column":12}},"15":{"start":{"line":46,"column":2},"end":{"line":46,"column":16}},"16":{"start":{"line":3,"column":0},"end":{"line":3,"column":16}}},"fnMap":{"0":{"name":"calc","decl":{"start":{"line":3,"column":16},"end":{"line":3,"column":20}},"loc":{"start":{"line":3,"column":30},"end":{"line":48,"column":1}}}},"branchMap":{"0":{"loc":{"start":{"line":6,"column":2},"end":{"line":40,"column":null}},"type":"if","locations":[{"start":{"line":6,"column":2},"end":{"line":40,"column":null}},{"start":{"line":36,"column":9},"end":{"line":40,"column":null}}]},"1":{"loc":{"start":{"line":6,"column":6},"end":{"line":6,"column":95}},"type":"binary-expr","locations":[{"start":{"line":6,"column":6},"end":{"line":6,"column":22}},{"start":{"line":6,"column":26},"end":{"line":6,"column":47}},{"start":{"line":6,"column":51},"end":{"line":6,"column":79}},{"start":{"line":6,"column":83},"end":{"line":6,"column":95}}]},"2":{"loc":{"start":{"line":7,"column":3},"end":{"line":35,"column":null}},"type":"if","locations":[{"start":{"line":7,"column":3},"end":{"line":35,"column":null}},{"start":{"line":32,"column":10},"end":{"line":35,"column":null}}]},"3":{"loc":{"start":{"line":7,"column":7},"end":{"line":7,"column":110}},"type":"binary-expr","locations":[{"start":{"line":7,"column":7},"end":{"line":7,"column":21}},{"start":{"line":7,"column":25},"end":{"line":7,"column":44}},{"start":{"line":7,"column":48},"end":{"line":7,"column":70}},{"start":{"line":7,"column":74},"end":{"line":7,"column":110}}]},"4":{"loc":{"start":{"line":11,"column":4},"end":{"line":31,"column":null}},"type":"if","locations":[{"start":{"line":11,"column":4},"end":{"line":31,"column":null}},{"start":{"line":22,"column":11},"end":{"line":31,"column":null}}]},"5":{"loc":{"start":{"line":11,"column":8},"end":{"line":11,"column":57}},"type":"binary-expr","locations":[{"start":{"line":11,"column":8},"end":{"line":11,"column":31}},{"start":{"line":11,"column":35},"end":{"line":11,"column":57}}]},"6":{"loc":{"start":{"line":14,"column":5},"end":{"line":21,"column":null}},"type":"if","locations":[{"start":{"line":14,"column":5},"end":{"line":21,"column":null}},{"start":{"line":18,"column":12},"end":{"line":21,"column":null}}]},"7":{"loc":{"start":{"line":24,"column":5},"end":{"line":30,"column":null}},"type":"if","locations":[{"start":{"line":24,"column":5},"end":{"line":30,"column":null}},{"start":{"line":28,"column":12},"end":{"line":30,"column":null}}]},"8":{"loc":{"start":{"line":43,"column":1},"end":{"line":47,"column":null}},"type":"if","locations":[{"start":{"line":43,"column":1},"end":{"line":47,"column":null}},{"start":{"line":45,"column":8},"end":{"line":47,"column":null}}]}},"s":{"0":7,"1":7,"2":7,"3":6,"4":5,"5":2,"6":1,"7":1,"8":3,"9":1,"10":2,"11":1,"12":1,"13":5,"14":1,"15":4,"16":1},"f":{"0":7},"b":{"0":[6,1],"1":[7,7,7,7],"2":[5,1],"3":[6,6,6,6],"4":[2,3],"5":[5,3],"6":[1,1],"7":[1,2],"8":[1,4]}}
,"/home/fieldcontrol/development/clean-code-and-architecture-t8/aula01/code-smell-and-refactoring/src/v2/calculateRide.ts": {"path":"/home/fieldcontrol/development/clean-code-and-architecture-t8/aula01/code-smell-and-refactoring/src/v2/calculateRide.ts","statementMap":{"0":{"start":{"line":1,"column":23},"end":{"line":1,"column":26}},"1":{"start":{"line":2,"column":30},"end":{"line":2,"column":31}},"2":{"start":{"line":3,"column":20},"end":{"line":3,"column":23}},"3":{"start":{"line":4,"column":20},"end":{"line":4,"column":23}},"4":{"start":{"line":5,"column":24},"end":{"line":5,"column":26}},"5":{"start":{"line":6,"column":22},"end":{"line":6,"column":23}},"6":{"start":{"line":7,"column":17},"end":{"line":7,"column":19}},"7":{"start":{"line":10,"column":2},"end":{"line":10,"column":80}},"8":{"start":{"line":14,"column":2},"end":{"line":14,"column":29}},"9":{"start":{"line":18,"column":2},"end":{"line":18,"column":66}},"10":{"start":{"line":22,"column":2},"end":{"line":22,"column":76}},"11":{"start":{"line":26,"column":13},"end":{"line":26,"column":14}},"12":{"start":{"line":27,"column":2},"end":{"line":44,"column":null}},"13":{"start":{"line":28,"column":4},"end":{"line":28,"column":80}},"14":{"start":{"line":28,"column":44},"end":{"line":28,"column":80}},"15":{"start":{"line":30,"column":4},"end":{"line":30,"column":68}},"16":{"start":{"line":30,"column":36},"end":{"line":30,"column":68}},"17":{"start":{"line":32,"column":4},"end":{"line":34,"column":null}},"18":{"start":{"line":33,"column":6},"end":{"line":33,"column":48}},"19":{"start":{"line":35,"column":4},"end":{"line":37,"column":null}},"20":{"start":{"line":36,"column":6},"end":{"line":36,"column":55}},"21":{"start":{"line":38,"column":4},"end":{"line":40,"column":null}},"22":{"start":{"line":39,"column":6},"end":{"line":39,"column":45}},"23":{"start":{"line":41,"column":4},"end":{"line":43,"column":null}},"24":{"start":{"line":42,"column":6},"end":{"line":42,"column":45}},"25":{"start":{"line":46,"column":2},"end":{"line":46,"column":43}},"26":{"start":{"line":25,"column":0},"end":{"line":25,"column":16}}},"fnMap":{"0":{"name":"isOvernight","decl":{"start":{"line":9,"column":9},"end":{"line":9,"column":20}},"loc":{"start":{"line":9,"column":31},"end":{"line":11,"column":1}}},"1":{"name":"isSunday","decl":{"start":{"line":13,"column":9},"end":{"line":13,"column":17}},"loc":{"start":{"line":13,"column":28},"end":{"line":15,"column":1}}},"2":{"name":"isValidDistance","decl":{"start":{"line":17,"column":9},"end":{"line":17,"column":24}},"loc":{"start":{"line":17,"column":41},"end":{"line":19,"column":1}}},"3":{"name":"isValidDate","decl":{"start":{"line":21,"column":9},"end":{"line":21,"column":20}},"loc":{"start":{"line":21,"column":31},"end":{"line":23,"column":1}}},"4":{"name":"calculateRide","decl":{"start":{"line":25,"column":16},"end":{"line":25,"column":29}},"loc":{"start":{"line":25,"column":74},"end":{"line":47,"column":1}}}},"branchMap":{"0":{"loc":{"start":{"line":10,"column":9},"end":{"line":10,"column":79}},"type":"binary-expr","locations":[{"start":{"line":10,"column":9},"end":{"line":10,"column":43}},{"start":{"line":10,"column":47},"end":{"line":10,"column":79}}]},"1":{"loc":{"start":{"line":18,"column":9},"end":{"line":18,"column":65}},"type":"binary-expr","locations":[{"start":{"line":18,"column":9},"end":{"line":18,"column":17}},{"start":{"line":18,"column":21},"end":{"line":18,"column":49}},{"start":{"line":18,"column":53},"end":{"line":18,"column":65}}]},"2":{"loc":{"start":{"line":22,"column":9},"end":{"line":22,"column":75}},"type":"binary-expr","locations":[{"start":{"line":22,"column":9},"end":{"line":22,"column":13}},{"start":{"line":22,"column":17},"end":{"line":22,"column":37}},{"start":{"line":22,"column":41},"end":{"line":22,"column":75}}]},"3":{"loc":{"start":{"line":28,"column":4},"end":{"line":28,"column":80}},"type":"if","locations":[{"start":{"line":28,"column":4},"end":{"line":28,"column":80}}]},"4":{"loc":{"start":{"line":30,"column":4},"end":{"line":30,"column":68}},"type":"if","locations":[{"start":{"line":30,"column":4},"end":{"line":30,"column":68}}]},"5":{"loc":{"start":{"line":32,"column":4},"end":{"line":34,"column":null}},"type":"if","locations":[{"start":{"line":32,"column":4},"end":{"line":34,"column":null}}]},"6":{"loc":{"start":{"line":32,"column":8},"end":{"line":32,"column":60}},"type":"binary-expr","locations":[{"start":{"line":32,"column":8},"end":{"line":32,"column":33}},{"start":{"line":32,"column":37},"end":{"line":32,"column":60}}]},"7":{"loc":{"start":{"line":35,"column":4},"end":{"line":37,"column":null}},"type":"if","locations":[{"start":{"line":35,"column":4},"end":{"line":37,"column":null}}]},"8":{"loc":{"start":{"line":35,"column":8},"end":{"line":35,"column":59}},"type":"binary-expr","locations":[{"start":{"line":35,"column":8},"end":{"line":35,"column":33}},{"start":{"line":35,"column":37},"end":{"line":35,"column":59}}]},"9":{"loc":{"start":{"line":38,"column":4},"end":{"line":40,"column":null}},"type":"if","locations":[{"start":{"line":38,"column":4},"end":{"line":40,"column":null}}]},"10":{"loc":{"start":{"line":38,"column":8},"end":{"line":38,"column":60}},"type":"binary-expr","locations":[{"start":{"line":38,"column":8},"end":{"line":38,"column":34}},{"start":{"line":38,"column":38},"end":{"line":38,"column":60}}]},"11":{"loc":{"start":{"line":41,"column":4},"end":{"line":43,"column":null}},"type":"if","locations":[{"start":{"line":41,"column":4},"end":{"line":43,"column":null}}]},"12":{"loc":{"start":{"line":41,"column":8},"end":{"line":41,"column":61}},"type":"binary-expr","locations":[{"start":{"line":41,"column":8},"end":{"line":41,"column":34}},{"start":{"line":41,"column":38},"end":{"line":41,"column":61}}]},"13":{"loc":{"start":{"line":46,"column":9},"end":{"line":46,"column":42}},"type":"cond-expr","locations":[{"start":{"line":46,"column":27},"end":{"line":46,"column":35}},{"start":{"line":46,"column":38},"end":{"line":46,"column":42}}]}},"s":{"0":1,"1":1,"2":1,"3":1,"4":1,"5":1,"6":1,"7":20,"8":10,"9":7,"10":6,"11":7,"12":7,"13":7,"14":1,"15":6,"16":1,"17":5,"18":1,"19":5,"20":1,"21":5,"22":1,"23":5,"24":2,"25":5,"26":1},"f":{"0":20,"1":10,"2":7,"3":6,"4":7},"b":{"0":[20,12],"1":[7,7,7],"2":[6,6,6],"3":[1],"4":[1],"5":[1],"6":[5,2],"7":[1],"8":[5,2],"9":[1],"10":[5,3],"11":[2],"12":[5,3],"13":[1,4]}}
,"/home/fieldcontrol/development/clean-code-and-architecture-t8/aula01/code-smell-and-refactoring/src/v3/NormalFareCaculator.ts": {"path":"/home/fieldcontrol/development/clean-code-and-architecture-t8/aula01/code-smell-and-refactoring/src/v3/NormalFareCaculator.ts","statementMap":{"0":{"start":{"line":5,"column":11},"end":{"line":5,"column":22}},"1":{"start":{"line":9,"column":4},"end":{"line":9,"column":21}},"2":{"start":{"line":13,"column":4},"end":{"line":15,"column":null}},"3":{"start":{"line":14,"column":6},"end":{"line":14,"column":42}},"4":{"start":{"line":16,"column":4},"end":{"line":16,"column":null}},"5":{"start":{"line":16,"column":19},"end":{"line":16,"column":null}},"6":{"start":{"line":18,"column":4},"end":{"line":18,"column":null}},"7":{"start":{"line":4,"column":0},"end":{"line":4,"column":21}}},"fnMap":{"0":{"name":"(anonymous_0)","decl":{"start":{"line":8,"column":2},"end":{"line":8,"column":14}},"loc":{"start":{"line":8,"column":35},"end":{"line":10,"column":3}}},"1":{"name":"(anonymous_1)","decl":{"start":{"line":12,"column":2},"end":{"line":12,"column":11}},"loc":{"start":{"line":12,"column":28},"end":{"line":19,"column":3}}}},"branchMap":{"0":{"loc":{"start":{"line":13,"column":4},"end":{"line":15,"column":null}},"type":"if","locations":[{"start":{"line":13,"column":4},"end":{"line":15,"column":null}}]},"1":{"loc":{"start":{"line":13,"column":8},"end":{"line":13,"column":53}},"type":"binary-expr","locations":[{"start":{"line":13,"column":8},"end":{"line":13,"column":30}},{"start":{"line":13,"column":34},"end":{"line":13,"column":53}}]},"2":{"loc":{"start":{"line":16,"column":4},"end":{"line":16,"column":null}},"type":"if","locations":[{"start":{"line":16,"column":4},"end":{"line":16,"column":null}}]}},"s":{"0":7,"1":7,"2":2,"3":2,"4":0,"5":0,"6":0,"7":1},"f":{"0":7,"1":2},"b":{"0":[2],"1":[2,2],"2":[0]}}
,"/home/fieldcontrol/development/clean-code-and-architecture-t8/aula01/code-smell-and-refactoring/src/v3/OvernightFareCaculator.ts": {"path":"/home/fieldcontrol/development/clean-code-and-architecture-t8/aula01/code-smell-and-refactoring/src/v3/OvernightFareCaculator.ts","statementMap":{"0":{"start":{"line":5,"column":11},"end":{"line":5,"column":22}},"1":{"start":{"line":9,"column":4},"end":{"line":9,"column":21}},"2":{"start":{"line":13,"column":4},"end":{"line":15,"column":null}},"3":{"start":{"line":14,"column":6},"end":{"line":14,"column":42}},"4":{"start":{"line":16,"column":4},"end":{"line":16,"column":null}},"5":{"start":{"line":16,"column":19},"end":{"line":16,"column":null}},"6":{"start":{"line":18,"column":4},"end":{"line":18,"column":null}},"7":{"start":{"line":4,"column":0},"end":{"line":4,"column":21}}},"fnMap":{"0":{"name":"(anonymous_0)","decl":{"start":{"line":8,"column":2},"end":{"line":8,"column":14}},"loc":{"start":{"line":8,"column":35},"end":{"line":10,"column":3}}},"1":{"name":"(anonymous_1)","decl":{"start":{"line":12,"column":2},"end":{"line":12,"column":11}},"loc":{"start":{"line":12,"column":28},"end":{"line":19,"column":3}}}},"branchMap":{"0":{"loc":{"start":{"line":13,"column":4},"end":{"line":15,"column":null}},"type":"if","locations":[{"start":{"line":13,"column":4},"end":{"line":15,"column":null}}]},"1":{"loc":{"start":{"line":13,"column":8},"end":{"line":13,"column":52}},"type":"binary-expr","locations":[{"start":{"line":13,"column":8},"end":{"line":13,"column":29}},{"start":{"line":13,"column":33},"end":{"line":13,"column":52}}]},"2":{"loc":{"start":{"line":16,"column":4},"end":{"line":16,"column":null}},"type":"if","locations":[{"start":{"line":16,"column":4},"end":{"line":16,"column":null}}]}},"s":{"0":7,"1":7,"2":3,"3":1,"4":2,"5":0,"6":2,"7":1},"f":{"0":7,"1":3},"b":{"0":[1],"1":[3,1],"2":[0]}}
,"/home/fieldcontrol/development/clean-code-and-architecture-t8/aula01/code-smell-and-refactoring/src/v3/OvernightSundayFareCaculator.ts": {"path":"/home/fieldcontrol/development/clean-code-and-architecture-t8/aula01/code-smell-and-refactoring/src/v3/OvernightSundayFareCaculator.ts","statementMap":{"0":{"start":{"line":5,"column":11},"end":{"line":5,"column":20}},"1":{"start":{"line":9,"column":4},"end":{"line":9,"column":21}},"2":{"start":{"line":13,"column":4},"end":{"line":15,"column":null}},"3":{"start":{"line":14,"column":6},"end":{"line":14,"column":42}},"4":{"start":{"line":16,"column":4},"end":{"line":16,"column":null}},"5":{"start":{"line":16,"column":19},"end":{"line":16,"column":null}},"6":{"start":{"line":18,"column":4},"end":{"line":18,"column":null}},"7":{"start":{"line":4,"column":0},"end":{"line":4,"column":21}}},"fnMap":{"0":{"name":"(anonymous_0)","decl":{"start":{"line":8,"column":2},"end":{"line":8,"column":14}},"loc":{"start":{"line":8,"column":35},"end":{"line":10,"column":3}}},"1":{"name":"(anonymous_1)","decl":{"start":{"line":12,"column":2},"end":{"line":12,"column":11}},"loc":{"start":{"line":12,"column":28},"end":{"line":19,"column":3}}}},"branchMap":{"0":{"loc":{"start":{"line":13,"column":4},"end":{"line":15,"column":null}},"type":"if","locations":[{"start":{"line":13,"column":4},"end":{"line":15,"column":null}}]},"1":{"loc":{"start":{"line":13,"column":8},"end":{"line":13,"column":51}},"type":"binary-expr","locations":[{"start":{"line":13,"column":8},"end":{"line":13,"column":29}},{"start":{"line":13,"column":33},"end":{"line":13,"column":51}}]},"2":{"loc":{"start":{"line":16,"column":4},"end":{"line":16,"column":null}},"type":"if","locations":[{"start":{"line":16,"column":4},"end":{"line":16,"column":null}}]}},"s":{"0":7,"1":7,"2":5,"3":1,"4":4,"5":0,"6":4,"7":1},"f":{"0":7,"1":5},"b":{"0":[1],"1":[5,2],"2":[0]}}
,"/home/fieldcontrol/development/clean-code-and-architecture-t8/aula01/code-smell-and-refactoring/src/v3/Ride.ts": {"path":"/home/fieldcontrol/development/clean-code-and-architecture-t8/aula01/code-smell-and-refactoring/src/v3/Ride.ts","statementMap":{"0":{"start":{"line":2,"column":0},"end":{"line":2,"column":32}},"1":{"start":{"line":9,"column":23},"end":{"line":9,"column":53}},"2":{"start":{"line":5,"column":11},"end":{"line":5,"column":25}},"3":{"start":{"line":10,"column":4},"end":{"line":10,"column":23}},"4":{"start":{"line":14,"column":4},"end":{"line":14,"column":52}},"5":{"start":{"line":18,"column":15},"end":{"line":18,"column":16}},"6":{"start":{"line":19,"column":4},"end":{"line":21,"column":null}},"7":{"start":{"line":20,"column":6},"end":{"line":20,"column":53}},"8":{"start":{"line":23,"column":4},"end":{"line":23,"column":55}},"9":{"start":{"line":4,"column":0},"end":{"line":4,"column":21}}},"fnMap":{"0":{"name":"(anonymous_1)","decl":{"start":{"line":9,"column":2},"end":{"line":9,"column":23}},"loc":{"start":{"line":9,"column":53},"end":{"line":11,"column":3}}},"1":{"name":"(anonymous_2)","decl":{"start":{"line":13,"column":2},"end":{"line":13,"column":12}},"loc":{"start":{"line":13,"column":41},"end":{"line":15,"column":3}}},"2":{"name":"(anonymous_3)","decl":{"start":{"line":17,"column":2},"end":{"line":17,"column":15}},"loc":{"start":{"line":17,"column":15},"end":{"line":24,"column":3}}}},"branchMap":{"0":{"loc":{"start":{"line":23,"column":11},"end":{"line":23,"column":54}},"type":"cond-expr","locations":[{"start":{"line":23,"column":34},"end":{"line":23,"column":47}},{"start":{"line":23,"column":50},"end":{"line":23,"column":54}}]}},"s":{"0":1,"1":7,"2":7,"3":7,"4":7,"5":5,"6":5,"7":5,"8":5,"9":1},"f":{"0":7,"1":7,"2":5},"b":{"0":[1,4]}}
,"/home/fieldcontrol/development/clean-code-and-architecture-t8/aula01/code-smell-and-refactoring/src/v3/Segment.ts": {"path":"/home/fieldcontrol/development/clean-code-and-architecture-t8/aula01/code-smell-and-refactoring/src/v3/Segment.ts","statementMap":{"0":{"start":{"line":5,"column":23},"end":{"line":5,"column":39}},"1":{"start":{"line":5,"column":50},"end":{"line":5,"column":60}},"2":{"start":{"line":2,"column":19},"end":{"line":2,"column":40}},"3":{"start":{"line":3,"column":19},"end":{"line":3,"column":37}},"4":{"start":{"line":6,"column":4},"end":{"line":6,"column":61}},"5":{"start":{"line":6,"column":29},"end":{"line":6,"column":61}},"6":{"start":{"line":7,"column":4},"end":{"line":7,"column":69}},"7":{"start":{"line":7,"column":33},"end":{"line":7,"column":69}},"8":{"start":{"line":11,"column":4},"end":{"line":11,"column":83}},"9":{"start":{"line":15,"column":4},"end":{"line":15,"column":93}},"10":{"start":{"line":19,"column":4},"end":{"line":19,"column":102}},"11":{"start":{"line":23,"column":4},"end":{"line":23,"column":36}},"12":{"start":{"line":1,"column":0},"end":{"line":1,"column":21}}},"fnMap":{"0":{"name":"(anonymous_0)","decl":{"start":{"line":5,"column":2},"end":{"line":5,"column":23}},"loc":{"start":{"line":5,"column":60},"end":{"line":8,"column":3}}},"1":{"name":"(anonymous_1)","decl":{"start":{"line":10,"column":2},"end":{"line":10,"column":17}},"loc":{"start":{"line":10,"column":17},"end":{"line":12,"column":3}}},"2":{"name":"(anonymous_2)","decl":{"start":{"line":14,"column":2},"end":{"line":14,"column":13}},"loc":{"start":{"line":14,"column":13},"end":{"line":16,"column":3}}},"3":{"name":"(anonymous_3)","decl":{"start":{"line":18,"column":2},"end":{"line":18,"column":13}},"loc":{"start":{"line":18,"column":13},"end":{"line":20,"column":3}}},"4":{"name":"(anonymous_4)","decl":{"start":{"line":22,"column":2},"end":{"line":22,"column":10}},"loc":{"start":{"line":22,"column":10},"end":{"line":24,"column":3}}}},"branchMap":{"0":{"loc":{"start":{"line":6,"column":4},"end":{"line":6,"column":61}},"type":"if","locations":[{"start":{"line":6,"column":4},"end":{"line":6,"column":61}}]},"1":{"loc":{"start":{"line":7,"column":4},"end":{"line":7,"column":69}},"type":"if","locations":[{"start":{"line":7,"column":4},"end":{"line":7,"column":69}}]},"2":{"loc":{"start":{"line":11,"column":11},"end":{"line":11,"column":82}},"type":"binary-expr","locations":[{"start":{"line":11,"column":11},"end":{"line":11,"column":24}},{"start":{"line":11,"column":28},"end":{"line":11,"column":61}},{"start":{"line":11,"column":65},"end":{"line":11,"column":82}}]},"3":{"loc":{"start":{"line":15,"column":11},"end":{"line":15,"column":92}},"type":"binary-expr","locations":[{"start":{"line":15,"column":11},"end":{"line":15,"column":20}},{"start":{"line":15,"column":24},"end":{"line":15,"column":49}},{"start":{"line":15,"column":53},"end":{"line":15,"column":92}}]},"4":{"loc":{"start":{"line":19,"column":11},"end":{"line":19,"column":101}},"type":"binary-expr","locations":[{"start":{"line":19,"column":11},"end":{"line":19,"column":55}},{"start":{"line":19,"column":59},"end":{"line":19,"column":101}}]}},"s":{"0":7,"1":7,"2":7,"3":7,"4":7,"5":1,"6":6,"7":1,"8":6,"9":7,"10":14,"11":8,"12":1},"f":{"0":7,"1":6,"2":7,"3":14,"4":8},"b":{"0":[1],"1":[1],"2":[6,6,6],"3":[7,7,7],"4":[14,10]}}
,"/home/fieldcontrol/development/clean-code-and-architecture-t8/aula01/code-smell-and-refactoring/src/v3/SundayFareCaculator.ts": {"path":"/home/fieldcontrol/development/clean-code-and-architecture-t8/aula01/code-smell-and-refactoring/src/v3/SundayFareCaculator.ts","statementMap":{"0":{"start":{"line":5,"column":11},"end":{"line":5,"column":22}},"1":{"start":{"line":9,"column":4},"end":{"line":9,"column":21}},"2":{"start":{"line":13,"column":4},"end":{"line":15,"column":null}},"3":{"start":{"line":14,"column":6},"end":{"line":14,"column":42}},"4":{"start":{"line":16,"column":4},"end":{"line":16,"column":null}},"5":{"start":{"line":16,"column":19},"end":{"line":16,"column":null}},"6":{"start":{"line":18,"column":4},"end":{"line":18,"column":null}},"7":{"start":{"line":4,"column":0},"end":{"line":4,"column":21}}},"fnMap":{"0":{"name":"(anonymous_0)","decl":{"start":{"line":8,"column":2},"end":{"line":8,"column":14}},"loc":{"start":{"line":8,"column":35},"end":{"line":10,"column":3}}},"1":{"name":"(anonymous_1)","decl":{"start":{"line":12,"column":2},"end":{"line":12,"column":11}},"loc":{"start":{"line":12,"column":28},"end":{"line":19,"column":3}}}},"branchMap":{"0":{"loc":{"start":{"line":13,"column":4},"end":{"line":15,"column":null}},"type":"if","locations":[{"start":{"line":13,"column":4},"end":{"line":15,"column":null}}]},"1":{"loc":{"start":{"line":13,"column":8},"end":{"line":13,"column":52}},"type":"binary-expr","locations":[{"start":{"line":13,"column":8},"end":{"line":13,"column":30}},{"start":{"line":13,"column":34},"end":{"line":13,"column":52}}]},"2":{"loc":{"start":{"line":16,"column":4},"end":{"line":16,"column":null}},"type":"if","locations":[{"start":{"line":16,"column":4},"end":{"line":16,"column":null}}]}},"s":{"0":7,"1":7,"2":4,"3":1,"4":3,"5":0,"6":3,"7":1},"f":{"0":7,"1":4},"b":{"0":[1],"1":[4,3],"2":[0]}}
}
