TN:
SF:src/v1/calc.ts
FN:3,calc
FNF:1
FNH:1
FNDA:7,calc
DA:3,1
DA:4,7
DA:5,7
DA:6,7
DA:7,6
DA:11,5
DA:14,2
DA:16,1
DA:19,1
DA:24,3
DA:26,1
DA:29,2
DA:34,1
DA:39,1
DA:43,5
DA:44,1
DA:46,4
LF:17
LH:17
BRDA:6,0,0,6
BRDA:6,0,1,1
BRDA:6,1,0,7
BRDA:6,1,1,7
BRDA:6,1,2,7
BRDA:6,1,3,7
BRDA:7,2,0,5
BRDA:7,2,1,1
BRDA:7,3,0,6
BRDA:7,3,1,6
BRDA:7,3,2,6
BRDA:7,3,3,6
BRDA:11,4,0,2
BRDA:11,4,1,3
BRDA:11,5,0,5
BRDA:11,5,1,3
BRDA:14,6,0,1
BRDA:14,6,1,1
BRDA:24,7,0,1
BRDA:24,7,1,2
BRDA:43,8,0,1
BRDA:43,8,1,4
BRF:22
BRH:22
end_of_record
TN:
SF:src/v2/calculateRide.ts
FN:9,isOvernight
FN:13,isSunday
FN:17,isValidDistance
FN:21,isValidDate
FN:25,calculateRide
FNF:5
FNH:5
FNDA:20,isOvernight
FNDA:10,isSunday
FNDA:7,isValidDistance
FNDA:6,isValidDate
FNDA:7,calculateRide
DA:1,1
DA:2,1
DA:3,1
DA:4,1
DA:5,1
DA:6,1
DA:7,1
DA:10,20
DA:14,10
DA:18,7
DA:22,6
DA:25,1
DA:26,7
DA:27,7
DA:28,7
DA:30,6
DA:32,5
DA:33,1
DA:35,5
DA:36,1
DA:38,5
DA:39,1
DA:41,5
DA:42,2
DA:46,5
LF:25
LH:25
BRDA:10,0,0,20
BRDA:10,0,1,12
BRDA:18,1,0,7
BRDA:18,1,1,7
BRDA:18,1,2,7
BRDA:22,2,0,6
BRDA:22,2,1,6
BRDA:22,2,2,6
BRDA:28,3,0,1
BRDA:30,4,0,1
BRDA:32,5,0,1
BRDA:32,6,0,5
BRDA:32,6,1,2
BRDA:35,7,0,1
BRDA:35,8,0,5
BRDA:35,8,1,2
BRDA:38,9,0,1
BRDA:38,10,0,5
BRDA:38,10,1,3
BRDA:41,11,0,2
BRDA:41,12,0,5
BRDA:41,12,1,3
BRDA:46,13,0,1
BRDA:46,13,1,4
BRF:24
BRH:24
end_of_record
TN:
SF:src/v3/NormalFareCaculator.ts
FN:8,(anonymous_0)
FN:12,(anonymous_1)
FNF:2
FNH:2
FNDA:7,(anonymous_0)
FNDA:2,(anonymous_1)
DA:4,1
DA:5,7
DA:9,7
DA:13,2
DA:14,2
DA:16,0
DA:18,0
LF:7
LH:5
BRDA:13,0,0,2
BRDA:13,1,0,2
BRDA:13,1,1,2
BRDA:16,2,0,0
BRF:4
BRH:3
end_of_record
TN:
SF:src/v3/OvernightFareCaculator.ts
FN:8,(anonymous_0)
FN:12,(anonymous_1)
FNF:2
FNH:2
FNDA:7,(anonymous_0)
FNDA:3,(anonymous_1)
DA:4,1
DA:5,7
DA:9,7
DA:13,3
DA:14,1
DA:16,2
DA:18,2
LF:7
LH:7
BRDA:13,0,0,1
BRDA:13,1,0,3
BRDA:13,1,1,1
BRDA:16,2,0,0
BRF:4
BRH:3
end_of_record
TN:
SF:src/v3/OvernightSundayFareCaculator.ts
FN:8,(anonymous_0)
FN:12,(anonymous_1)
FNF:2
FNH:2
FNDA:7,(anonymous_0)
FNDA:5,(anonymous_1)
DA:4,1
DA:5,7
DA:9,7
DA:13,5
DA:14,1
DA:16,4
DA:18,4
LF:7
LH:7
BRDA:13,0,0,1
BRDA:13,1,0,5
BRDA:13,1,1,2
BRDA:16,2,0,0
BRF:4
BRH:3
end_of_record
TN:
SF:src/v3/Ride.ts
FN:9,(anonymous_1)
FN:13,(anonymous_2)
FN:17,(anonymous_3)
FNF:3
FNH:3
FNDA:7,(anonymous_1)
FNDA:7,(anonymous_2)
FNDA:5,(anonymous_3)
DA:2,1
DA:4,1
DA:5,7
DA:9,7
DA:10,7
DA:14,7
DA:18,5
DA:19,5
DA:20,5
DA:23,5
LF:10
LH:10
BRDA:23,0,0,1
BRDA:23,0,1,4
BRF:2
BRH:2
end_of_record
TN:
SF:src/v3/Segment.ts
FN:5,(anonymous_0)
FN:10,(anonymous_1)
FN:14,(anonymous_2)
FN:18,(anonymous_3)
FN:22,(anonymous_4)
FNF:5
FNH:5
FNDA:7,(anonymous_0)
FNDA:6,(anonymous_1)
FNDA:7,(anonymous_2)
FNDA:14,(anonymous_3)
FNDA:8,(anonymous_4)
DA:1,1
DA:2,7
DA:3,7
DA:5,7
DA:6,7
DA:7,6
DA:11,6
DA:15,7
DA:19,14
DA:23,8
LF:10
LH:10
BRDA:6,0,0,1
BRDA:7,1,0,1
BRDA:11,2,0,6
BRDA:11,2,1,6
BRDA:11,2,2,6
BRDA:15,3,0,7
BRDA:15,3,1,7
BRDA:15,3,2,7
BRDA:19,4,0,14
BRDA:19,4,1,10
BRF:10
BRH:10
end_of_record
TN:
SF:src/v3/SundayFareCaculator.ts
FN:8,(anonymous_0)
FN:12,(anonymous_1)
FNF:2
FNH:2
FNDA:7,(anonymous_0)
FNDA:4,(anonymous_1)
DA:4,1
DA:5,7
DA:9,7
DA:13,4
DA:14,1
DA:16,3
DA:18,3
LF:7
LH:7
BRDA:13,0,0,1
BRDA:13,1,0,4
BRDA:13,1,1,3
BRDA:16,2,0,0
BRF:4
BRH:3
end_of_record
