{"/home/fieldcontrol/development/clean-code-and-architecture-t8/aula01/projeto-01/src/v1/validate.ts": {"path":"/home/fieldcontrol/development/clean-code-and-architecture-t8/aula01/projeto-01/src/v1/validate.ts","statementMap":{"0":{"start":{"line":3,"column":2},"end":{"line":52,"column":22}},"1":{"start":{"line":4,"column":4},"end":{"line":51,"column":null}},"2":{"start":{"line":5,"column":6},"end":{"line":50,"column":26}},"3":{"start":{"line":6,"column":8},"end":{"line":10,"column":26}},"4":{"start":{"line":12,"column":8},"end":{"line":49,"column":28}},"5":{"start":{"line":12,"column":40},"end":{"line":12,"column":52}},"6":{"start":{"line":13,"column":10},"end":{"line":48,"column":null}},"7":{"start":{"line":18,"column":12},"end":{"line":18,"column":24}},"8":{"start":{"line":19,"column":12},"end":{"line":19,"column":33}},"9":{"start":{"line":21,"column":12},"end":{"line":31,"column":null}},"10":{"start":{"line":21,"column":30},"end":{"line":21,"column":31}},"11":{"start":{"line":26,"column":14},"end":{"line":26,"column":67}},"12":{"start":{"line":27,"column":14},"end":{"line":27,"column":47}},"13":{"start":{"line":29,"column":14},"end":{"line":29,"column":47}},"14":{"start":{"line":33,"column":12},"end":{"line":33,"column":27}},"15":{"start":{"line":35,"column":12},"end":{"line":35,"column":51}},"16":{"start":{"line":36,"column":12},"end":{"line":36,"column":26}},"17":{"start":{"line":37,"column":12},"end":{"line":37,"column":27}},"18":{"start":{"line":38,"column":12},"end":{"line":39,"column":33}},"19":{"start":{"line":38,"column":26},"end":{"line":38,"column":34}},"20":{"start":{"line":39,"column":17},"end":{"line":39,"column":33}},"21":{"start":{"line":41,"column":30},"end":{"line":41,"column":71}},"22":{"start":{"line":42,"column":12},"end":{"line":42,"column":45}},"23":{"start":{"line":43,"column":12},"end":{"line":43,"column":45}},"24":{"start":{"line":45,"column":12},"end":{"line":45,"column":40}},"25":{"start":{"line":47,"column":12},"end":{"line":47,"column":25}},"26":{"start":{"line":49,"column":15},"end":{"line":49,"column":28}},"27":{"start":{"line":50,"column":13},"end":{"line":50,"column":26}},"28":{"start":{"line":52,"column":9},"end":{"line":52,"column":22}},"29":{"start":{"line":2,"column":0},"end":{"line":2,"column":16}}},"fnMap":{"0":{"name":"validate","decl":{"start":{"line":2,"column":16},"end":{"line":2,"column":24}},"loc":{"start":{"line":2,"column":28},"end":{"line":53,"column":1}}},"1":{"name":"(anonymous_1)","decl":{"start":{"line":12,"column":33},"end":{"line":12,"column":34}},"loc":{"start":{"line":12,"column":40},"end":{"line":12,"column":52}}}},"branchMap":{"0":{"loc":{"start":{"line":3,"column":2},"end":{"line":52,"column":22}},"type":"if","locations":[{"start":{"line":3,"column":2},"end":{"line":52,"column":22}},{"start":{"line":52,"column":9},"end":{"line":52,"column":22}}]},"1":{"loc":{"start":{"line":4,"column":4},"end":{"line":51,"column":null}},"type":"if","locations":[{"start":{"line":4,"column":4},"end":{"line":51,"column":null}}]},"2":{"loc":{"start":{"line":5,"column":6},"end":{"line":50,"column":26}},"type":"if","locations":[{"start":{"line":5,"column":6},"end":{"line":50,"column":26}},{"start":{"line":50,"column":13},"end":{"line":50,"column":26}}]},"3":{"loc":{"start":{"line":5,"column":10},"end":{"line":5,"column":46}},"type":"binary-expr","locations":[{"start":{"line":5,"column":10},"end":{"line":5,"column":26}},{"start":{"line":5,"column":30},"end":{"line":5,"column":46}}]},"4":{"loc":{"start":{"line":12,"column":8},"end":{"line":49,"column":28}},"type":"if","locations":[{"start":{"line":12,"column":8},"end":{"line":49,"column":28}},{"start":{"line":49,"column":15},"end":{"line":49,"column":28}}]},"5":{"loc":{"start":{"line":35,"column":18},"end":{"line":35,"column":50}},"type":"cond-expr","locations":[{"start":{"line":35,"column":30},"end":{"line":35,"column":37}},{"start":{"line":35,"column":41},"end":{"line":35,"column":50}}]},"6":{"loc":{"start":{"line":38,"column":12},"end":{"line":39,"column":33}},"type":"if","locations":[{"start":{"line":38,"column":12},"end":{"line":39,"column":33}},{"start":{"line":39,"column":17},"end":{"line":39,"column":33}}]}},"s":{"0":9,"1":8,"2":7,"3":4,"4":4,"5":19,"6":3,"7":3,"8":3,"9":3,"10":3,"11":27,"12":27,"13":27,"14":3,"15":3,"16":3,"17":3,"18":3,"19":1,"20":2,"21":3,"22":3,"23":3,"24":0,"25":0,"26":1,"27":3,"28":1,"29":1},"f":{"0":9,"1":19},"b":{"0":[8,1],"1":[7],"2":[4,3],"3":[7,6],"4":[3,1],"5":[0,3],"6":[1,2]}}
,"/home/fieldcontrol/development/clean-code-and-architecture-t8/aula01/projeto-01/src/v2/Discount.ts": {"path":"/home/fieldcontrol/development/clean-code-and-architecture-t8/aula01/projeto-01/src/v2/Discount.ts","statementMap":{"0":{"start":{"line":2,"column":23},"end":{"line":2,"column":41}},"1":{"start":{"line":1,"column":0},"end":{"line":1,"column":13}},"2":{"start":{"line":7,"column":4},"end":{"line":7,"column":15}},"3":{"start":{"line":5,"column":0},"end":{"line":5,"column":13}}},"fnMap":{"0":{"name":"(anonymous_0)","decl":{"start":{"line":2,"column":2},"end":{"line":2,"column":23}},"loc":{"start":{"line":2,"column":41},"end":{"line":2,"column":45}}},"1":{"name":"(anonymous_1)","decl":{"start":{"line":6,"column":2},"end":{"line":6,"column":null}},"loc":{"start":{"line":6,"column":2},"end":{"line":8,"column":3}}}},"branchMap":{},"s":{"0":1,"1":1,"2":1,"3":1},"f":{"0":1,"1":1},"b":{}}
,"/home/fieldcontrol/development/clean-code-and-architecture-t8/aula01/projeto-01/src/v2/Item.ts": {"path":"/home/fieldcontrol/development/clean-code-and-architecture-t8/aula01/projeto-01/src/v2/Item.ts","statementMap":{"0":{"start":{"line":2,"column":23},"end":{"line":2,"column":42}},"1":{"start":{"line":2,"column":53},"end":{"line":2,"column":69}},"2":{"start":{"line":2,"column":80},"end":{"line":2,"column":93}},"3":{"start":{"line":1,"column":0},"end":{"line":1,"column":13}},"4":{"start":{"line":7,"column":4},"end":{"line":7,"column":38}},"5":{"start":{"line":5,"column":0},"end":{"line":5,"column":13}},"6":{"start":{"line":13,"column":4},"end":{"line":13,"column":39}},"7":{"start":{"line":11,"column":0},"end":{"line":11,"column":13}}},"fnMap":{"0":{"name":"(anonymous_0)","decl":{"start":{"line":2,"column":2},"end":{"line":2,"column":23}},"loc":{"start":{"line":2,"column":93},"end":{"line":2,"column":97}}},"1":{"name":"(anonymous_1)","decl":{"start":{"line":6,"column":2},"end":{"line":6,"column":14}},"loc":{"start":{"line":6,"column":51},"end":{"line":8,"column":3}}},"2":{"name":"(anonymous_2)","decl":{"start":{"line":12,"column":2},"end":{"line":12,"column":14}},"loc":{"start":{"line":12,"column":51},"end":{"line":14,"column":3}}}},"branchMap":{},"s":{"0":6,"1":6,"2":6,"3":1,"4":2,"5":1,"6":4,"7":1},"f":{"0":6,"1":2,"2":4},"b":{}}
,"/home/fieldcontrol/development/clean-code-and-architecture-t8/aula01/projeto-01/src/v2/Order.ts": {"path":"/home/fieldcontrol/development/clean-code-and-architecture-t8/aula01/projeto-01/src/v2/Order.ts","statementMap":{"0":{"start":{"line":3,"column":0},"end":{"line":3,"column":43}},"1":{"start":{"line":14,"column":23},"end":{"line":14,"column":34}},"2":{"start":{"line":14,"column":45},"end":{"line":14,"column":69}},"3":{"start":{"line":12,"column":11},"end":{"line":12,"column":30}},"4":{"start":{"line":15,"column":4},"end":{"line":15,"column":70}},"5":{"start":{"line":15,"column":39},"end":{"line":15,"column":70}},"6":{"start":{"line":19,"column":4},"end":{"line":19,"column":26}},"7":{"start":{"line":23,"column":16},"end":{"line":23,"column":88}},"8":{"start":{"line":23,"column":50},"end":{"line":23,"column":83}},"9":{"start":{"line":24,"column":24},"end":{"line":24,"column":90}},"10":{"start":{"line":24,"column":49},"end":{"line":24,"column":89}},"11":{"start":{"line":25,"column":21},"end":{"line":25,"column":90}},"12":{"start":{"line":25,"column":60},"end":{"line":25,"column":85}},"13":{"start":{"line":27,"column":4},"end":{"line":29,"column":null}},"14":{"start":{"line":28,"column":6},"end":{"line":28,"column":52}},"15":{"start":{"line":31,"column":4},"end":{"line":35,"column":6}},"16":{"start":{"line":11,"column":0},"end":{"line":11,"column":13}}},"fnMap":{"0":{"name":"(anonymous_0)","decl":{"start":{"line":14,"column":2},"end":{"line":14,"column":23}},"loc":{"start":{"line":14,"column":69},"end":{"line":16,"column":3}}},"1":{"name":"(anonymous_1)","decl":{"start":{"line":18,"column":2},"end":{"line":18,"column":9}},"loc":{"start":{"line":18,"column":20},"end":{"line":20,"column":3}}},"2":{"name":"(anonymous_2)","decl":{"start":{"line":22,"column":2},"end":{"line":22,"column":8}},"loc":{"start":{"line":22,"column":8},"end":{"line":36,"column":3}}},"3":{"name":"(anonymous_3)","decl":{"start":{"line":23,"column":34},"end":{"line":23,"column":35}},"loc":{"start":{"line":23,"column":50},"end":{"line":23,"column":83}}},"4":{"name":"(anonymous_4)","decl":{"start":{"line":24,"column":39},"end":{"line":24,"column":40}},"loc":{"start":{"line":24,"column":49},"end":{"line":24,"column":89}}},"5":{"name":"(anonymous_5)","decl":{"start":{"line":25,"column":39},"end":{"line":25,"column":40}},"loc":{"start":{"line":25,"column":60},"end":{"line":25,"column":85}}}},"branchMap":{"0":{"loc":{"start":{"line":15,"column":4},"end":{"line":15,"column":70}},"type":"if","locations":[{"start":{"line":15,"column":4},"end":{"line":15,"column":70}}]},"1":{"loc":{"start":{"line":27,"column":4},"end":{"line":29,"column":null}},"type":"if","locations":[{"start":{"line":27,"column":4},"end":{"line":29,"column":null}}]}},"s":{"0":1,"1":3,"2":3,"3":3,"4":3,"5":1,"6":6,"7":2,"8":6,"9":2,"10":6,"11":2,"12":6,"13":2,"14":1,"15":2,"16":1},"f":{"0":3,"1":6,"2":2,"3":6,"4":6,"5":6},"b":{"0":[1],"1":[1]}}
,"/home/fieldcontrol/development/clean-code-and-architecture-t8/aula01/projeto-01/src/v2/Validator.ts": {"path":"/home/fieldcontrol/development/clean-code-and-architecture-t8/aula01/projeto-01/src/v2/Validator.ts","statementMap":{"0":{"start":{"line":3,"column":4},"end":{"line":3,"column":62}},"1":{"start":{"line":3,"column":43},"end":{"line":3,"column":60}},"2":{"start":{"line":7,"column":4},"end":{"line":7,"column":27}},"3":{"start":{"line":7,"column":14},"end":{"line":7,"column":27}},"4":{"start":{"line":8,"column":4},"end":{"line":8,"column":57}},"5":{"start":{"line":8,"column":44},"end":{"line":8,"column":57}},"6":{"start":{"line":9,"column":25},"end":{"line":9,"column":52}},"7":{"start":{"line":11,"column":4},"end":{"line":11,"column":64}},"8":{"start":{"line":11,"column":51},"end":{"line":11,"column":64}},"9":{"start":{"line":12,"column":4},"end":{"line":42,"column":null}},"10":{"start":{"line":17,"column":6},"end":{"line":17,"column":18}},"11":{"start":{"line":18,"column":6},"end":{"line":18,"column":27}},"12":{"start":{"line":20,"column":6},"end":{"line":25,"column":null}},"13":{"start":{"line":20,"column":24},"end":{"line":20,"column":25}},"14":{"start":{"line":21,"column":8},"end":{"line":21,"column":70}},"15":{"start":{"line":22,"column":8},"end":{"line":22,"column":41}},"16":{"start":{"line":24,"column":8},"end":{"line":24,"column":41}},"17":{"start":{"line":27,"column":6},"end":{"line":27,"column":21}},"18":{"start":{"line":29,"column":6},"end":{"line":29,"column":45}},"19":{"start":{"line":30,"column":6},"end":{"line":30,"column":20}},"20":{"start":{"line":31,"column":6},"end":{"line":31,"column":21}},"21":{"start":{"line":32,"column":6},"end":{"line":33,"column":27}},"22":{"start":{"line":32,"column":20},"end":{"line":32,"column":28}},"23":{"start":{"line":33,"column":11},"end":{"line":33,"column":27}},"24":{"start":{"line":35,"column":24},"end":{"line":35,"column":92}},"25":{"start":{"line":36,"column":6},"end":{"line":36,"column":39}},"26":{"start":{"line":37,"column":6},"end":{"line":37,"column":39}},"27":{"start":{"line":39,"column":6},"end":{"line":39,"column":34}},"28":{"start":{"line":41,"column":6},"end":{"line":41,"column":19}},"29":{"start":{"line":1,"column":0},"end":{"line":1,"column":13}}},"fnMap":{"0":{"name":"(anonymous_0)","decl":{"start":{"line":2,"column":2},"end":{"line":2,"column":8}},"loc":{"start":{"line":2,"column":35},"end":{"line":4,"column":3}}},"1":{"name":"(anonymous_1)","decl":{"start":{"line":3,"column":31},"end":{"line":3,"column":32}},"loc":{"start":{"line":3,"column":43},"end":{"line":3,"column":60}}},"2":{"name":"(anonymous_2)","decl":{"start":{"line":6,"column":2},"end":{"line":6,"column":8}},"loc":{"start":{"line":6,"column":50},"end":{"line":43,"column":3}}}},"branchMap":{"0":{"loc":{"start":{"line":7,"column":4},"end":{"line":7,"column":27}},"type":"if","locations":[{"start":{"line":7,"column":4},"end":{"line":7,"column":27}}]},"1":{"loc":{"start":{"line":8,"column":4},"end":{"line":8,"column":57}},"type":"if","locations":[{"start":{"line":8,"column":4},"end":{"line":8,"column":57}}]},"2":{"loc":{"start":{"line":8,"column":8},"end":{"line":8,"column":42}},"type":"binary-expr","locations":[{"start":{"line":8,"column":8},"end":{"line":8,"column":23}},{"start":{"line":8,"column":27},"end":{"line":8,"column":42}}]},"3":{"loc":{"start":{"line":11,"column":4},"end":{"line":11,"column":64}},"type":"if","locations":[{"start":{"line":11,"column":4},"end":{"line":11,"column":64}}]},"4":{"loc":{"start":{"line":29,"column":12},"end":{"line":29,"column":44}},"type":"cond-expr","locations":[{"start":{"line":29,"column":24},"end":{"line":29,"column":31}},{"start":{"line":29,"column":35},"end":{"line":29,"column":44}}]},"5":{"loc":{"start":{"line":32,"column":6},"end":{"line":33,"column":27}},"type":"if","locations":[{"start":{"line":32,"column":6},"end":{"line":33,"column":27}},{"start":{"line":33,"column":11},"end":{"line":33,"column":27}}]}},"s":{"0":7,"1":33,"2":12,"3":2,"4":10,"5":3,"6":7,"7":7,"8":1,"9":6,"10":6,"11":6,"12":6,"13":6,"14":54,"15":54,"16":54,"17":6,"18":6,"19":6,"20":6,"21":6,"22":3,"23":3,"24":6,"25":6,"26":6,"27":0,"28":0,"29":2},"f":{"0":7,"1":33,"2":12},"b":{"0":[2],"1":[3],"2":[10,9],"3":[1],"4":[2,4],"5":[3,3]}}
}
