TN:
SF:src/v1/validate.ts
FN:2,validate
FN:12,(anonymous_1)
FNF:2
FNH:2
FNDA:9,validate
FNDA:19,(anonymous_1)
DA:2,1
DA:3,9
DA:4,8
DA:5,7
DA:6,4
DA:12,19
DA:13,3
DA:18,3
DA:19,3
DA:21,3
DA:26,27
DA:27,27
DA:29,27
DA:33,3
DA:35,3
DA:36,3
DA:37,3
DA:38,3
DA:39,2
DA:41,3
DA:42,3
DA:43,3
DA:45,0
DA:47,0
DA:49,1
DA:50,3
DA:52,1
LF:27
LH:25
BRDA:3,0,0,8
BRDA:3,0,1,1
BRDA:4,1,0,7
BRDA:5,2,0,4
BRDA:5,2,1,3
BRDA:5,3,0,7
BRDA:5,3,1,6
BRDA:12,4,0,3
BRDA:12,4,1,1
BRDA:35,5,0,0
BRDA:35,5,1,3
BRDA:38,6,0,1
BRDA:38,6,1,2
BRF:13
BRH:12
end_of_record
TN:
SF:src/v2/Discount.ts
FN:2,(anonymous_0)
FN:6,(anonymous_1)
FNF:2
FNH:2
FNDA:1,(anonymous_0)
FNDA:1,(anonymous_1)
DA:1,1
DA:2,1
DA:5,1
DA:7,1
LF:4
LH:4
BRF:0
BRH:0
end_of_record
TN:
SF:src/v2/Item.ts
FN:2,(anonymous_0)
FN:6,(anonymous_1)
FN:12,(anonymous_2)
FNF:3
FNH:3
FNDA:6,(anonymous_0)
FNDA:2,(anonymous_1)
FNDA:4,(anonymous_2)
DA:1,1
DA:2,6
DA:5,1
DA:7,2
DA:11,1
DA:13,4
LF:6
LH:6
BRF:0
BRH:0
end_of_record
TN:
SF:src/v2/Order.ts
FN:14,(anonymous_0)
FN:18,(anonymous_1)
FN:22,(anonymous_2)
FN:23,(anonymous_3)
FN:24,(anonymous_4)
FN:25,(anonymous_5)
FNF:6
FNH:6
FNDA:3,(anonymous_0)
FNDA:6,(anonymous_1)
FNDA:2,(anonymous_2)
FNDA:6,(anonymous_3)
FNDA:6,(anonymous_4)
FNDA:6,(anonymous_5)
DA:3,1
DA:11,1
DA:12,3
DA:14,3
DA:15,3
DA:19,6
DA:23,6
DA:24,6
DA:25,6
DA:27,2
DA:28,1
DA:31,2
LF:12
LH:12
BRDA:15,0,0,1
BRDA:27,1,0,1
BRF:2
BRH:2
end_of_record
TN:
SF:src/v2/Validator.ts
FN:2,(anonymous_0)
FN:3,(anonymous_1)
FN:6,(anonymous_2)
FNF:3
FNH:3
FNDA:7,(anonymous_0)
FNDA:33,(anonymous_1)
FNDA:12,(anonymous_2)
DA:1,2
DA:3,33
DA:7,12
DA:8,10
DA:9,7
DA:11,7
DA:12,6
DA:17,6
DA:18,6
DA:20,6
DA:21,54
DA:22,54
DA:24,54
DA:27,6
DA:29,6
DA:30,6
DA:31,6
DA:32,6
DA:33,3
DA:35,6
DA:36,6
DA:37,6
DA:39,0
DA:41,0
LF:24
LH:22
BRDA:7,0,0,2
BRDA:8,1,0,3
BRDA:8,2,0,10
BRDA:8,2,1,9
BRDA:11,3,0,1
BRDA:29,4,0,2
BRDA:29,4,1,4
BRDA:32,5,0,3
BRDA:32,5,1,3
BRF:9
BRH:9
end_of_record
